<?xml version="1.0" encoding="UTF-8"?>
<!-- Generated by org.testng.reporters.JUnitReportReporter -->
<testsuite hostname="MSI" failures="0" tests="3" name="functionalTesting.Functionality" time="11.012" errors="0" timestamp="2024-06-06T16:01:00 IST" skipped="0">
  <testcase classname="functionalTesting.Functionality" name="loginWithValidCredential" time="4.815"/>
  <system-out/>
  <testcase classname="functionalTesting.Functionality" name="addToCart" time="3.661"/>
  <system-out/>
  <testcase classname="functionalTesting.Functionality" name="createOrder" time="2.536"/>
  <system-out/>
</testsuite> <!-- functionalTesting.Functionality -->
