<?xml version="1.0" encoding="UTF-8"?>
<!-- Generated by org.testng.reporters.JUnitReportReporter -->
<testsuite hostname="MSI" failures="0" tests="3" name="flexipillWeb.Flexipill" time="2.861" errors="0" timestamp="2024-06-05T01:37:02 IST" skipped="2">
  <testcase classname="flexipillWeb.Flexipill" name="createOrder" time="2.861"/>
  <system-out/>
  <testcase classname="flexipillWeb.Flexipill" name="loginTest">
    <skipped/>
  </testcase> <!-- loginTest -->
  <system-out/>
  <testcase classname="flexipillWeb.Flexipill" name="addToCart">
    <skipped/>
  </testcase> <!-- addToCart -->
  <system-out/>
</testsuite> <!-- flexipillWeb.Flexipill -->
